<?xml version="1.0" encoding="UTF-8"?>
<testsuite xmlns:xsi="http://www.w3.org/2001/XMLSchema-instance" xsi:noNamespaceSchemaLocation="https://maven.apache.org/surefire/maven-surefire-plugin/xsd/surefire-test-report-3.0.xsd" version="3.0" name="lesson2.CalculatorTest" time="0.062" tests="5" errors="0" skipped="0" failures="0">
  <properties>
[...]
</properties>
  <testcase name="shouldCalculateSum" classname="lesson2.CalculatorTest" time="0.013"/>
  <testcase name="shouldMultiplicationMult" classname="lesson2.CalculatorTest" time="0"/>
  <testcase name="shouldDivisionDiv" classname="lesson2.CalculatorTest" time="0.001"/>
  <testcase name="shouldCalculatorCanCalculateDivisionByZero" classname="lesson2.CalculatorTest" time="0"/>
  <testcase name="shouldSubtractionSub" classname="lesson2.CalculatorTest" time="0"/>
</testsuite>